<?xml version="1.0" encoding="UTF-8"?>
<!-- Generated by org.testng.reporters.JUnitReportReporter -->
<testsuite hostname="DESKTOP-IRBB8HI" failures="0" tests="1" name="practice.practice" time="0.011" errors="0" timestamp="2023-04-02T10:36:01 IST" skipped="0">
  <testcase classname="practice.practice" name="sample" time="0.011"/>
  <system-out/>
</testsuite> <!-- practice.practice -->
