<?xml version="1.0" encoding="UTF-8"?>
<!-- Generated by org.testng.reporters.JUnitReportReporter -->
<testsuite hostname="DESKTOP-IRBB8HI" failures="0" tests="1" name="practice.Demo" time="0.013" errors="0" timestamp="2023-04-02T11:49:33 IST" skipped="0">
  <testcase classname="practice.Demo" name="demo" time="0.013"/>
  <system-out/>
</testsuite> <!-- practice.Demo -->
